<?xml version="1.0" encoding="UTF-8"?>
<!-- Generated by org.testng.reporters.JUnitReportReporter -->
<testsuite hostname="NBSG0005A0-TP" failures="0" tests="4" name="RestAssure2.TestCase1" time="6.228" errors="0" timestamp="11 May 2021 05:49:10 GMT">
  <testcase classname="RestAssure2.TestCase1" name="postTeacher" time="0.101"/>
  <testcase classname="RestAssure2.TestCase1" name="postTeacher" time="0.091"/>
  <testcase classname="RestAssure2.TestCase1" name="postTeacher" time="5.894"/>
  <testcase classname="RestAssure2.TestCase1" name="postTeacher" time="0.142"/>
</testsuite> <!-- RestAssure2.TestCase1 -->
