<?xml version="1.0" encoding="UTF-8"?>
<!-- Generated by org.testng.reporters.JUnitReportReporter -->
<testsuite hostname="NBSG0005A0-TP" failures="0" tests="1" name="RestAssure2.TestCase2" time="4.239" errors="0" timestamp="11 May 2021 05:38:22 GMT">
  <testcase classname="RestAssure2.TestCase2" name="multiplyWSDL" time="4.239"/>
</testsuite> <!-- RestAssure2.TestCase2 -->
